Id. usuario del trabajo: b2estudiante24
Id. del trabajo: 76448
Nombre del trabajo especificado por usuario: sp-OpenMP-script10.sh
Directorio de trabajo (en el que se ejecuta el script): /home/b2estudiante24/bp1/ejer10
Cola: ac
Nodo que ejecuta este trabajo:atcgrid.ugr.es
Nº de nodos asignados al trabajo: 1
Nodos asignados al trabajo: atcgrid1
CPUs por nodo: 24
Ejecucion de SumaVectores_global, con for paralelizado y sections

 Ejecutando con for con 16384 componentes
Tiempo:0.005452082	 / Tamaño Vectores:16384	/ V1[0]+V2[0]=V3[0](1638.400000+1638.400000=3276.800000) / / V1[16383]+V2[16383]=V3[16383](3276.700000+0.100000=3276.800000) /

 Ejecutando con sections con 16384 componentes
Tiempo:0.000939451	 / Tamaño Vectores:16384	/ V1[0]+V2[0]=V3[0](1638.400000+1638.400000=3276.800000) / / V1[16383]+V2[16383]=V3[16383](3276.700000+0.100000=3276.800000) /

 Ejecutando secuencial con 16384 componentes
Tiempo(seg.):0.000230856	 / Tamaño Vectores:16384	/ V1[0]+V2[0]=V3[0](0.265606+0.259107=0.524714) / / V1[16383]+V2[16383]=V3[16383](0.390865+1.885786=2.276651) /

 Ejecutando con for con 32768 componentes
Tiempo:0.003081955	 / Tamaño Vectores:32768	/ V1[0]+V2[0]=V3[0](3276.800000+3276.800000=6553.600000) / / V1[32767]+V2[32767]=V3[32767](6553.500000+0.100000=6553.600000) /

 Ejecutando con sections con 32768 componentes
Tiempo:0.000596758	 / Tamaño Vectores:32768	/ V1[0]+V2[0]=V3[0](3276.800000+3276.800000=6553.600000) / / V1[32767]+V2[32767]=V3[32767](6553.500000+0.100000=6553.600000) /

 Ejecutando secuencial con 32768 componentes
Tiempo(seg.):0.000264150	 / Tamaño Vectores:32768	/ V1[0]+V2[0]=V3[0](0.265606+0.259107=0.524714) / / V1[32767]+V2[32767]=V3[32767](3.048267+2.514911=5.563179) /

 Ejecutando con for con 65536 componentes
Tiempo:0.003104832	 / Tamaño Vectores:65536	/ V1[0]+V2[0]=V3[0](6553.600000+6553.600000=13107.200000) / / V1[65535]+V2[65535]=V3[65535](13107.100000+0.100000=13107.200000) /

 Ejecutando con sections con 65536 componentes
Tiempo:0.000962541	 / Tamaño Vectores:65536	/ V1[0]+V2[0]=V3[0](6553.600000+6553.600000=13107.200000) / / V1[65535]+V2[65535]=V3[65535](13107.100000+0.100000=13107.200000) /

 Ejecutando secuencial con 65536 componentes
Tiempo(seg.):0.000359050	 / Tamaño Vectores:65536	/ V1[0]+V2[0]=V3[0](0.531359+0.911087=1.442446) / / V1[65535]+V2[65535]=V3[65535](0.018074+0.851797=0.869871) /

 Ejecutando con for con 131072 componentes
Tiempo:0.003395963	 / Tamaño Vectores:131072	/ V1[0]+V2[0]=V3[0](13107.200000+13107.200000=26214.400000) / / V1[131071]+V2[131071]=V3[131071](26214.300000+0.100000=26214.400000) /

 Ejecutando con sections con 131072 componentes
Tiempo:0.004071094	 / Tamaño Vectores:131072	/ V1[0]+V2[0]=V3[0](13107.200000+13107.200000=26214.400000) / / V1[131071]+V2[131071]=V3[131071](26214.300000+0.100000=26214.400000) /

 Ejecutando secuencial con 131072 componentes
Tiempo(seg.):0.001047645	 / Tamaño Vectores:131072	/ V1[0]+V2[0]=V3[0](0.531359+0.911087=1.442446) / / V1[131071]+V2[131071]=V3[131071](13.414520+0.092909=13.507429) /

 Ejecutando con for con 262144 componentes
Tiempo:0.003533382	 / Tamaño Vectores:262144	/ V1[0]+V2[0]=V3[0](26214.400000+26214.400000=52428.800000) / / V1[262143]+V2[262143]=V3[262143](52428.700000+0.100000=52428.800000) /

 Ejecutando con sections con 262144 componentes
Tiempo:0.005282596	 / Tamaño Vectores:262144	/ V1[0]+V2[0]=V3[0](26214.400000+26214.400000=52428.800000) / / V1[262143]+V2[262143]=V3[262143](52428.700000+0.100000=52428.800000) /

 Ejecutando secuencial con 262144 componentes
Tiempo(seg.):0.001370548	 / Tamaño Vectores:262144	/ V1[0]+V2[0]=V3[0](0.531359+0.911087=1.442446) / / V1[262143]+V2[262143]=V3[262143](0.846435+0.908130=1.754566) /

 Ejecutando con for con 524288 componentes
Tiempo:0.004149929	 / Tamaño Vectores:524288	/ V1[0]+V2[0]=V3[0](52428.800000+52428.800000=104857.600000) / / V1[524287]+V2[524287]=V3[524287](104857.500000+0.100000=104857.600000) /

 Ejecutando con sections con 524288 componentes
Tiempo:0.005787924	 / Tamaño Vectores:524288	/ V1[0]+V2[0]=V3[0](52428.800000+52428.800000=104857.600000) / / V1[524287]+V2[524287]=V3[524287](104857.500000+0.100000=104857.600000) /

 Ejecutando secuencial con 524288 componentes
Tiempo(seg.):0.002447511	 / Tamaño Vectores:524288	/ V1[0]+V2[0]=V3[0](0.531359+0.911087=1.442446) / / V1[524287]+V2[524287]=V3[524287](0.491010+3.684962=4.175972) /

 Ejecutando con for con 1048576 componentes
Tiempo:0.004913222	 / Tamaño Vectores:1048576	/ V1[0]+V2[0]=V3[0](104857.600000+104857.600000=209715.200000) / / V1[1048575]+V2[1048575]=V3[1048575](209715.100000+0.100000=209715.200000) /

 Ejecutando con sections con 1048576 componentes
Tiempo:0.007498335	 / Tamaño Vectores:1048576	/ V1[0]+V2[0]=V3[0](104857.600000+104857.600000=209715.200000) / / V1[1048575]+V2[1048575]=V3[1048575](209715.100000+0.100000=209715.200000) /

 Ejecutando secuencial con 1048576 componentes
Tiempo(seg.):0.004947309	 / Tamaño Vectores:1048576	/ V1[0]+V2[0]=V3[0](1.011369+0.339254=1.350623) / / V1[1048575]+V2[1048575]=V3[1048575](0.260541+0.917290=1.177831) /

 Ejecutando con for con 2097152 componentes
Tiempo:0.009027977	 / Tamaño Vectores:2097152	/ V1[0]+V2[0]=V3[0](209715.200000+209715.200000=419430.400000) / / V1[2097151]+V2[2097151]=V3[2097151](419430.300000+0.100000=419430.400000) /

 Ejecutando con sections con 2097152 componentes
Tiempo:0.011906628	 / Tamaño Vectores:2097152	/ V1[0]+V2[0]=V3[0](209715.200000+209715.200000=419430.400000) / / V1[2097151]+V2[2097151]=V3[2097151](419430.300000+0.100000=419430.400000) /

 Ejecutando secuencial con 2097152 componentes
Tiempo(seg.):0.008979142	 / Tamaño Vectores:2097152	/ V1[0]+V2[0]=V3[0](1.011369+0.339254=1.350623) / / V1[2097151]+V2[2097151]=V3[2097151](1.247543+39.769638=41.017181) /

 Ejecutando con for con 4194304 componentes
Tiempo:0.010016378	 / Tamaño Vectores:4194304	/ V1[0]+V2[0]=V3[0](419430.400000+419430.400000=838860.800000) / / V1[4194303]+V2[4194303]=V3[4194303](838860.700000+0.100000=838860.800000) /

 Ejecutando con sections con 4194304 componentes
Tiempo:0.021578982	 / Tamaño Vectores:4194304	/ V1[0]+V2[0]=V3[0](419430.400000+419430.400000=838860.800000) / / V1[4194303]+V2[4194303]=V3[4194303](838860.700000+0.100000=838860.800000) /

 Ejecutando secuencial con 4194304 componentes
Tiempo(seg.):0.017317302	 / Tamaño Vectores:4194304	/ V1[0]+V2[0]=V3[0](1.011369+0.339254=1.350623) / / V1[4194303]+V2[4194303]=V3[4194303](0.445714+0.436135=0.881849) /

 Ejecutando con for con 8388608 componentes
Tiempo:0.018266719	 / Tamaño Vectores:8388608	/ V1[0]+V2[0]=V3[0](838860.800000+838860.800000=1677721.600000) / / V1[8388607]+V2[8388607]=V3[8388607](1677721.500000+0.100000=1677721.600000) /

 Ejecutando con sections con 8388608 componentes
Tiempo:0.043969467	 / Tamaño Vectores:8388608	/ V1[0]+V2[0]=V3[0](838860.800000+838860.800000=1677721.600000) / / V1[8388607]+V2[8388607]=V3[8388607](1677721.500000+0.100000=1677721.600000) /

 Ejecutando secuencial con 8388608 componentes
Tiempo(seg.):0.033868584	 / Tamaño Vectores:8388608	/ V1[0]+V2[0]=V3[0](2.783094+0.877071=3.660165) / / V1[8388607]+V2[8388607]=V3[8388607](0.450104+0.648236=1.098339) /

 Ejecutando con for con 16777216 componentes
Tiempo:0.029923100	 / Tamaño Vectores:16777216	/ V1[0]+V2[0]=V3[0](1677721.600000+1677721.600000=3355443.200000) / / V1[16777215]+V2[16777215]=V3[16777215](3355443.100000+0.100000=3355443.200000) /

 Ejecutando con sections con 16777216 componentes
Tiempo:0.091964308	 / Tamaño Vectores:16777216	/ V1[0]+V2[0]=V3[0](1677721.600000+1677721.600000=3355443.200000) / / V1[16777215]+V2[16777215]=V3[16777215](3355443.100000+0.100000=3355443.200000) /

 Ejecutando secuencial con 16777216 componentes
Tiempo(seg.):0.067450999	 / Tamaño Vectores:16777216	/ V1[0]+V2[0]=V3[0](2.783094+0.877071=3.660165) / / V1[16777215]+V2[16777215]=V3[16777215](0.792574+3.310337=4.102911) /

 Ejecutando con for con 33554432 componentes
Tiempo:0.057443816	 / Tamaño Vectores:33554432	/ V1[0]+V2[0]=V3[0](3355443.200000+3355443.200000=6710886.400000) / / V1[33554431]+V2[33554431]=V3[33554431](6710886.300000+0.100000=6710886.400000) /

 Ejecutando con sections con 33554432 componentes
Tiempo:0.191405777	 / Tamaño Vectores:33554432	/ V1[0]+V2[0]=V3[0](3355443.200000+3355443.200000=6710886.400000) / / V1[33554431]+V2[33554431]=V3[33554431](6710886.300000+0.100000=6710886.400000) /

 Ejecutando secuencial con 33554432 componentes
Tiempo(seg.):0.132777250	 / Tamaño Vectores:33554432	/ V1[0]+V2[0]=V3[0](10.892777+2.178792=13.071569) / / V1[33554431]+V2[33554431]=V3[33554431](0.442745+3.708186=4.150931) /

 Ejecutando con for con 67108864 componentes
Tiempo:0.059261966	 / Tamaño Vectores:33554432	/ V1[0]+V2[0]=V3[0](3355443.200000+3355443.200000=6710886.400000) / / V1[33554431]+V2[33554431]=V3[33554431](6710886.300000+0.100000=6710886.400000) /

 Ejecutando con sections con 67108864 componentes
Tiempo:0.184437539	 / Tamaño Vectores:33554432	/ V1[0]+V2[0]=V3[0](3355443.200000+3355443.200000=6710886.400000) / / V1[33554431]+V2[33554431]=V3[33554431](6710886.300000+0.100000=6710886.400000) /

 Ejecutando secuencial con 67108864 componentes
Tiempo(seg.):0.132307161	 / Tamaño Vectores:33554432	/ V1[0]+V2[0]=V3[0](1.575668+0.837964=2.413632) / / V1[33554431]+V2[33554431]=V3[33554431](14.064357+0.566110=14.630467) /
